<?xml version="1.0" encoding="UTF-8"?>
<testng-results ignored="0" total="1" passed="1" failed="0" skipped="0">
  <reporter-output>
  </reporter-output>
  <suite started-at="2022-12-14T12:09:28 IST" name="Default suite" finished-at="2022-12-14T12:09:31 IST" duration-ms="3331">
    <groups>
    </groups>
    <test started-at="2022-12-14T12:09:28 IST" name="Default test" finished-at="2022-12-14T12:09:31 IST" duration-ms="3331">
      <class name="excelUtils.ProductDataManager">
        <test-method signature="writeProductCondition()[pri:0, instance:excelUtils.ProductDataManager@4659191b]" started-at="2022-12-14T12:09:28 IST" name="writeProductCondition" finished-at="2022-12-14T12:09:31 IST" duration-ms="3287" status="PASS">
          <reporter-output>
          </reporter-output>
        </test-method> <!-- writeProductCondition -->
      </class> <!-- excelUtils.ProductDataManager -->
    </test> <!-- Default test -->
  </suite> <!-- Default suite -->
</testng-results>
